{"C:\\Users\\LENOVO\\Desktop\\Repository\\Backend Interview\\test\\test.js":{"path":"C:\\Users\\LENOVO\\Desktop\\Repository\\Backend Interview\\test\\test.js","s":{"1":1,"2":1,"3":1,"4":1,"5":1,"6":1,"7":0,"8":0,"9":0,"10":0,"11":0,"12":0,"13":0,"14":0,"15":0,"16":0,"17":0,"18":0,"19":0,"20":0,"21":0,"22":0,"23":0,"24":0,"25":0,"26":0,"27":0,"28":0,"29":0,"30":0},"b":{},"f":{},"fnMap":{},"statementMap":{"1":{"start":{"line":1,"column":0},"end":{"line":1,"column":29}},"2":{"start":{"line":2,"column":0},"end":{"line":2,"column":38}},"3":{"start":{"line":3,"column":0},"end":{"line":3,"column":30}},"4":{"start":{"line":4,"column":0},"end":{"line":4,"column":29}},"5":{"start":{"line":5,"column":0},"end":{"line":5,"column":19}},"6":{"start":{"line":7,"column":0},"end":{"line":24,"column":3}},"7":{"start":{"line":8,"column":2},"end":{"line":23,"column":5}},"8":{"start":{"line":9,"column":4},"end":{"line":12,"column":6}},"9":{"start":{"line":13,"column":4},"end":{"line":22,"column":9}},"10":{"start":{"line":17,"column":8},"end":{"line":17,"column":36}},"11":{"start":{"line":18,"column":8},"end":{"line":18,"column":39}},"12":{"start":{"line":19,"column":8},"end":{"line":19,"column":47}},"13":{"start":{"line":20,"column":8},"end":{"line":20,"column":44}},"14":{"start":{"line":21,"column":8},"end":{"line":21,"column":15}},"15":{"start":{"line":26,"column":0},"end":{"line":51,"column":3}},"16":{"start":{"line":27,"column":2},"end":{"line":50,"column":5}},"17":{"start":{"line":28,"column":4},"end":{"line":37,"column":6}},"18":{"start":{"line":38,"column":4},"end":{"line":49,"column":9}},"19":{"start":{"line":43,"column":8},"end":{"line":43,"column":36}},"20":{"start":{"line":44,"column":8},"end":{"line":44,"column":39}},"21":{"start":{"line":45,"column":8},"end":{"line":45,"column":58}},"22":{"start":{"line":46,"column":8},"end":{"line":46,"column":69}},"23":{"start":{"line":47,"column":8},"end":{"line":47,"column":69}},"24":{"start":{"line":48,"column":8},"end":{"line":48,"column":15}},"25":{"start":{"line":53,"column":0},"end":{"line":67,"column":3}},"26":{"start":{"line":54,"column":2},"end":{"line":66,"column":5}},"27":{"start":{"line":55,"column":4},"end":{"line":57,"column":6}},"28":{"start":{"line":58,"column":4},"end":{"line":65,"column":9}},"29":{"start":{"line":63,"column":8},"end":{"line":63,"column":36}},"30":{"start":{"line":64,"column":8},"end":{"line":64,"column":15}}},"branchMap":{}}}